[00:00:00.000] (13716) INFO   Starting...
[00:00:00.000] (13716) INFO   store-latest-only: false
[00:00:00.000] (13716) INFO   force: false
[00:00:00.001] (13716) INFO   output_dir: C:\Users\Ben Fox\Dev\himawari-desktop-updater
[00:00:00.473] (13716) INFO   Writing output to C:\Users\Ben Fox\Dev\himawari-desktop-updater\himawari8_20171117_060000.png
[00:00:00.474] (13716) INFO   Downloading chunk http://himawari8-dl.nict.go.jp/himawari8/img/D531106/4d/550/2017/11/17/060000_0_0.png...
[00:00:03.028] (13716) INFO   Downloading chunk http://himawari8-dl.nict.go.jp/himawari8/img/D531106/4d/550/2017/11/17/060000_1_0.png...
[00:00:06.687] (13716) INFO   Downloading chunk http://himawari8-dl.nict.go.jp/himawari8/img/D531106/4d/550/2017/11/17/060000_2_0.png...
[00:00:09.308] (13716) INFO   Downloading chunk http://himawari8-dl.nict.go.jp/himawari8/img/D531106/4d/550/2017/11/17/060000_3_0.png...
[00:00:10.045] (13716) INFO   Downloading chunk http://himawari8-dl.nict.go.jp/himawari8/img/D531106/4d/550/2017/11/17/060000_0_1.png...
[00:00:14.235] (13716) INFO   Downloading chunk http://himawari8-dl.nict.go.jp/himawari8/img/D531106/4d/550/2017/11/17/060000_1_1.png...
[00:00:18.674] (13716) INFO   Downloading chunk http://himawari8-dl.nict.go.jp/himawari8/img/D531106/4d/550/2017/11/17/060000_2_1.png...
[00:00:22.569] (13716) INFO   Downloading chunk http://himawari8-dl.nict.go.jp/himawari8/img/D531106/4d/550/2017/11/17/060000_3_1.png...
[00:00:24.140] (13716) INFO   Downloading chunk http://himawari8-dl.nict.go.jp/himawari8/img/D531106/4d/550/2017/11/17/060000_0_2.png...
[00:00:28.330] (13716) INFO   Downloading chunk http://himawari8-dl.nict.go.jp/himawari8/img/D531106/4d/550/2017/11/17/060000_1_2.png...
[00:00:32.519] (13716) INFO   Downloading chunk http://himawari8-dl.nict.go.jp/himawari8/img/D531106/4d/550/2017/11/17/060000_2_2.png...
[00:00:36.214] (13716) INFO   Downloading chunk http://himawari8-dl.nict.go.jp/himawari8/img/D531106/4d/550/2017/11/17/060000_3_2.png...
[00:00:38.543] (13716) INFO   Downloading chunk http://himawari8-dl.nict.go.jp/himawari8/img/D531106/4d/550/2017/11/17/060000_0_3.png...
[00:00:41.113] (13716) INFO   Downloading chunk http://himawari8-dl.nict.go.jp/himawari8/img/D531106/4d/550/2017/11/17/060000_1_3.png...
[00:00:45.254] (13716) INFO   Downloading chunk http://himawari8-dl.nict.go.jp/himawari8/img/D531106/4d/550/2017/11/17/060000_2_3.png...
[00:00:48.944] (13716) INFO   Downloading chunk http://himawari8-dl.nict.go.jp/himawari8/img/D531106/4d/550/2017/11/17/060000_3_3.png...
[00:00:50.735] (13716) INFO   Writing out to C:\Users\Ben Fox\Dev\himawari-desktop-updater\himawari8_20171117_060000.png
[00:01:13.122] (13716) INFO   Done
